Arguments: 
  /Users/jonathannicolas/.nvm/versions/node/v11.9.0/bin/node /usr/local/bin/yarn add axios

PATH: 
  /Users/jonathannicolas/.rvm/gems/ruby-2.4.1/bin:/Users/jonathannicolas/.rvm/gems/ruby-2.4.1@global/bin:/Users/jonathannicolas/.rvm/rubies/ruby-2.4.1/bin:/Users/jonathannicolas/.nvm/versions/node/v11.9.0/bin:/usr/local/bin:/usr/bin:/bin:/usr/sbin:/sbin:/usr/local/share/dotnet:~/.dotnet/tools:/Library/Frameworks/Mono.framework/Versions/Current/Commands:/Applications/Xamarin Workbooks.app/Contents/SharedSupport/path-bin:/Users/jonathannicolas/.rvm/bin

Yarn version: 
  1.3.2

Node version: 
  11.9.0

Platform: 
  darwin x64

npm manifest: 
  {
    "name": "simple-axios",
    "version": "1.0.0",
    "description": "",
    "main": "index.js",
    "scripts": {
      "test": "echo \"Error: no test specified\" && exit 1"
    },
    "keywords": [],
    "author": "",
    "license": "ISC"
  }

yarn manifest: 
  No manifest

Lockfile: 
  No lockfile

Trace: 
  Error: https://registry.yarnpkg.com/is-buffer: ETIMEDOUT
      at Timeout._onTimeout (/usr/local/lib/node_modules/yarn/lib/cli.js:123749:19)
      at listOnTimeout (timers.js:327:15)
      at processTimers (timers.js:271:5)
